<?xml version="1.0" encoding="UTF-8"?>
<!-- Generated by org.testng.reporters.JUnitXMLReporter -->
<testsuite hostname="Ravi-PC" ignored="0" name="Default test" tests="4" failures="0" timestamp="09 May 2018 14:37:32 GMT" time="84.032" errors="0">
  <testcase name="comparingTitle" time="0.015" classname="com.freeCrm.Test.HomeTest"/>
  <testcase name="clickLogOutTest" time="0.166" classname="com.freeCrm.Test.HomeTest"/>
  <testcase name="clickOnCompaniesTest" time="0.149" classname="com.freeCrm.Test.HomeTest"/>
  <testcase name="clickOnNewEvent" time="0.129" classname="com.freeCrm.Test.HomeTest"/>
</testsuite> <!-- Default test -->
