<?xml version="1.0" encoding="UTF-8"?>
<!-- Generated by org.testng.reporters.JUnitXMLReporter -->
<testsuite hostname="Ravi-PC" ignored="0" name="Test" tests="6" failures="0" timestamp="10 May 2018 10:24:12 GMT" time="148.859" errors="0">
  <testcase name="login" time="12.324" classname="com.freeCrm.Test.LoginPageTest"/>
  <testcase name="comparingTitle" time="0.019" classname="com.freeCrm.Test.HomeTest"/>
  <testcase name="companyLinkTest" time="0.966" classname="com.freeCrm.Test.NewCompanyTest"/>
  <testcase name="clickLogOutTest" time="0.125" classname="com.freeCrm.Test.HomeTest"/>
  <testcase name="clickOnCompaniesTest" time="0.15" classname="com.freeCrm.Test.HomeTest"/>
  <testcase name="clickOnNewEvent" time="0.165" classname="com.freeCrm.Test.HomeTest"/>
</testsuite> <!-- Test -->
