<?xml version="1.0" encoding="UTF-8"?>
<testng-results skipped="0" failed="0" ignored="0" total="1" passed="1">
  <reporter-output>
  </reporter-output>
  <suite name="Default suite" duration-ms="24407" started-at="2018-05-10T12:55:24Z" finished-at="2018-05-10T12:55:48Z">
    <groups>
    </groups>
    <test name="Default test" duration-ms="24407" started-at="2018-05-10T12:55:24Z" finished-at="2018-05-10T12:55:48Z">
      <class name="com.freeCrm.Test.NewComPaTest">
        <test-method status="PASS" signature="launch()[pri:0, instance:com.freeCrm.Test.NewComPaTest@28feb3fa]" name="launch" is-config="true" duration-ms="23181" started-at="2018-05-10T18:25:24Z" finished-at="2018-05-10T18:25:47Z">
          <reporter-output>
          </reporter-output>
        </test-method> <!-- launch -->
        <test-method status="PASS" signature="enteringInfo()[pri:0, instance:com.freeCrm.Test.NewComPaTest@28feb3fa]" name="enteringInfo" duration-ms="1206" started-at="2018-05-10T18:25:47Z" finished-at="2018-05-10T18:25:48Z">
          <reporter-output>
          </reporter-output>
        </test-method> <!-- enteringInfo -->
        <test-method status="PASS" signature="close()[pri:0, instance:com.freeCrm.Test.NewComPaTest@28feb3fa]" name="close" is-config="true" duration-ms="0" started-at="2018-05-10T18:25:48Z" finished-at="2018-05-10T18:25:48Z">
          <reporter-output>
          </reporter-output>
        </test-method> <!-- close -->
      </class> <!-- com.freeCrm.Test.NewComPaTest -->
    </test> <!-- Default test -->
  </suite> <!-- Default suite -->
</testng-results>
